16-1-19 下午9:36;RIGHT_CLICK_BLOCK;SunBird;DIM:0;396;55;408;|;39;5;40
16-1-19 下午9:37;RIGHT_CLICK_BLOCK;SunBird;DIM:0;334;55;325;|;33;5;32
16-1-19 下午9:37;RIGHT_CLICK_BLOCK;SunBird;DIM:0;305;60;418;|;30;6;41
16-1-19 下午9:38;RIGHT_CLICK_BLOCK;SunBird;DIM:0;339;55;325;|;33;5;32
16-1-19 下午9:38;LEFT_CLICK_BLOCK;SunBird;DIM:0;403;57;405;|;40;5;40
16-1-19 下午9:38;LEFT_CLICK_BLOCK;SunBird;DIM:0;404;57;405;|;40;5;40
16-1-19 下午9:38;LEFT_CLICK_BLOCK;SunBird;DIM:0;404;57;406;|;40;5;40
16-1-19 下午9:38;RIGHT_CLICK_BLOCK;SunBird;DIM:0;403;55;412;|;40;5;41
16-1-19 下午9:39;RIGHT_CLICK_BLOCK;SunBird;DIM:0;503;58;413;|;50;5;41
16-1-19 下午9:39;RIGHT_CLICK_BLOCK;SunBird;DIM:0;503;58;410;|;50;5;41
16-1-19 下午9:41;LEFT_CLICK_BLOCK;SunBird;DIM:0;421;57;476;|;42;5;47
16-1-19 下午9:41;LEFT_CLICK_BLOCK;SunBird;DIM:0;420;57;476;|;42;5;47
16-1-19 下午9:41;RIGHT_CLICK_BLOCK;SunBird;DIM:0;419;56;479;|;41;5;47
16-1-19 下午9:41;RIGHT_CLICK_BLOCK;SunBird;DIM:0;419;56;478;|;41;5;47
16-1-19 下午9:41;RIGHT_CLICK_BLOCK;SunBird;DIM:0;419;56;477;|;41;5;47
16-1-19 下午9:41;RIGHT_CLICK_BLOCK;SunBird;DIM:0;422;56;479;|;42;5;47
16-1-19 下午9:41;RIGHT_CLICK_BLOCK;SunBird;DIM:0;422;56;478;|;42;5;47
16-1-19 下午9:41;RIGHT_CLICK_BLOCK;SunBird;DIM:0;422;56;477;|;42;5;47
16-1-19 下午9:41;RIGHT_CLICK_BLOCK;SunBird;DIM:0;422;57;480;|;42;5;48
16-1-19 下午9:41;RIGHT_CLICK_BLOCK;SunBird;DIM:0;419;57;480;|;41;5;48
16-1-19 下午9:41;RIGHT_CLICK_BLOCK;SunBird;DIM:0;422;58;481;|;42;5;48
16-1-19 下午9:41;RIGHT_CLICK_BLOCK;SunBird;DIM:0;421;58;481;|;42;5;48
16-1-19 下午9:42;RIGHT_CLICK_BLOCK;SunBird;DIM:0;420;58;481;|;42;5;48
16-1-19 下午9:42;RIGHT_CLICK_BLOCK;SunBird;DIM:0;419;58;481;|;41;5;48
16-1-19 下午9:42;RIGHT_CLICK_BLOCK;SunBird;DIM:0;419;58;480;|;41;5;48
16-1-19 下午9:42;RIGHT_CLICK_BLOCK;SunBird;DIM:0;422;58;480;|;42;5;48
16-1-19 下午9:42;RIGHT_CLICK_BLOCK;SunBird;DIM:0;421;59;481;|;42;5;48
16-1-19 下午9:42;RIGHT_CLICK_BLOCK;SunBird;DIM:0;420;59;481;|;42;5;48
16-1-19 下午9:42;RIGHT_CLICK_BLOCK;SunBird;DIM:0;421;58;481;|;42;5;48
16-1-19 下午9:42;RIGHT_CLICK_BLOCK;SunBird;DIM:0;420;58;481;|;42;5;48
16-1-19 下午9:42;LEFT_CLICK_BLOCK;SunBird;DIM:0;420;57;480;|;42;5;48
16-1-19 下午9:42;RIGHT_CLICK_BLOCK;SunBird;DIM:0;420;56;481;|;42;5;48
16-1-19 下午9:42;LEFT_CLICK_BLOCK;SunBird;DIM:0;421;57;480;|;42;5;48
16-1-19 下午9:42;RIGHT_CLICK_BLOCK;SunBird;DIM:0;421;56;481;|;42;5;48
16-1-19 下午9:42;LEFT_CLICK_BLOCK;SunBird;DIM:0;421;58;480;|;42;5;48
16-1-19 下午9:42;LEFT_CLICK_BLOCK;SunBird;DIM:0;420;58;480;|;42;5;48
16-1-19 下午9:42;RIGHT_CLICK_BLOCK;SunBird;DIM:0;421;56;480;|;42;5;48
16-1-19 下午9:42;RIGHT_CLICK_BLOCK;SunBird;DIM:0;420;56;480;|;42;5;48
16-1-19 下午9:42;RIGHT_CLICK_BLOCK;SunBird;DIM:0;421;56;479;|;42;5;47
16-1-19 下午9:42;RIGHT_CLICK_BLOCK;SunBird;DIM:0;420;56;479;|;42;5;47
16-1-19 下午9:42;LEFT_CLICK_BLOCK;SunBird;DIM:0;421;57;480;|;42;5;48
16-1-19 下午9:42;LEFT_CLICK_BLOCK;SunBird;DIM:0;420;57;480;|;42;5;48
16-1-19 下午9:42;RIGHT_CLICK_BLOCK;SunBird;DIM:0;422;58;480;|;42;5;48
16-1-19 下午9:42;RIGHT_CLICK_BLOCK;SunBird;DIM:0;422;59;480;|;42;5;48
16-1-19 下午9:42;RIGHT_CLICK_BLOCK;SunBird;DIM:0;421;59;480;|;42;5;48
16-1-19 下午9:42;RIGHT_CLICK_BLOCK;SunBird;DIM:0;419;59;480;|;41;5;48
16-1-19 下午9:42;RIGHT_CLICK_BLOCK;SunBird;DIM:0;420;59;480;|;42;5;48
16-1-19 下午9:42;LEFT_CLICK_BLOCK;SunBird;DIM:0;419;59;479;|;41;5;47
16-1-19 下午9:42;LEFT_CLICK_BLOCK;SunBird;DIM:0;420;59;479;|;42;5;47
16-1-19 下午9:42;LEFT_CLICK_BLOCK;SunBird;DIM:0;421;59;479;|;42;5;47
16-1-19 下午9:42;LEFT_CLICK_BLOCK;SunBird;DIM:0;422;59;479;|;42;5;47
16-1-19 下午9:42;LEFT_CLICK_BLOCK;SunBird;DIM:0;422;58;479;|;42;5;47
16-1-19 下午9:42;LEFT_CLICK_BLOCK;SunBird;DIM:0;421;57;479;|;42;5;47
16-1-19 下午9:42;LEFT_CLICK_BLOCK;SunBird;DIM:0;420;57;479;|;42;5;47
16-1-19 下午9:42;RIGHT_CLICK_BLOCK;SunBird;DIM:0;421;56;480;|;42;5;48
16-1-19 下午9:42;RIGHT_CLICK_BLOCK;SunBird;DIM:0;420;56;480;|;42;5;48
16-1-19 下午9:42;RIGHT_CLICK_BLOCK;SunBird;DIM:0;421;57;480;|;42;5;48
16-1-19 下午9:42;RIGHT_CLICK_BLOCK;SunBird;DIM:0;421;57;480;|;42;5;48
16-1-19 下午9:42;RIGHT_CLICK_BLOCK;SunBird;DIM:0;421;59;480;|;42;5;48
16-1-19 下午9:42;RIGHT_CLICK_BLOCK;SunBird;DIM:0;420;59;480;|;42;5;48
16-1-19 下午9:42;RIGHT_CLICK_BLOCK;SunBird;DIM:0;420;57;480;|;42;5;48
16-1-19 下午9:42;RIGHT_CLICK_BLOCK;SunBird;DIM:0;421;57;480;|;42;5;48
16-1-19 下午9:42;RIGHT_CLICK_BLOCK;SunBird;DIM:0;421;58;480;|;42;5;48
16-1-19 下午9:42;RIGHT_CLICK_BLOCK;SunBird;DIM:0;420;58;480;|;42;5;48
16-1-19 下午9:42;LEFT_CLICK_BLOCK;SunBird;DIM:0;420;58;480;|;42;5;48
16-1-19 下午9:43;LEFT_CLICK_BLOCK;SunBird;DIM:0;420;57;480;|;42;5;48
16-1-19 下午9:43;LEFT_CLICK_BLOCK;SunBird;DIM:0;421;57;480;|;42;5;48
16-1-19 下午9:43;LEFT_CLICK_BLOCK;SunBird;DIM:0;421;58;480;|;42;5;48
16-1-19 下午9:43;RIGHT_CLICK_BLOCK;SunBird;DIM:0;421;57;481;|;42;5;48
16-1-19 下午9:43;RIGHT_CLICK_BLOCK;SunBird;DIM:0;420;57;481;|;42;5;48
16-1-19 下午9:43;RIGHT_CLICK_BLOCK;SunBird;DIM:0;421;57;480;|;42;5;48
16-1-19 下午9:43;RIGHT_CLICK_BLOCK;SunBird;DIM:0;420;57;480;|;42;5;48
16-1-19 下午9:43;LEFT_CLICK_BLOCK;SunBird;DIM:0;422;58;480;|;42;5;48
16-1-19 下午9:43;LEFT_CLICK_BLOCK;SunBird;DIM:0;422;59;480;|;42;5;48
16-1-19 下午9:43;LEFT_CLICK_BLOCK;SunBird;DIM:0;421;59;480;|;42;5;48
16-1-19 下午9:43;LEFT_CLICK_BLOCK;SunBird;DIM:0;422;59;481;|;42;5;48
16-1-19 下午9:43;LEFT_CLICK_BLOCK;SunBird;DIM:0;421;59;481;|;42;5;48
16-1-19 下午9:43;LEFT_CLICK_BLOCK;SunBird;DIM:0;420;59;480;|;42;5;48
16-1-19 下午9:43;LEFT_CLICK_BLOCK;SunBird;DIM:0;420;59;481;|;42;5;48
16-1-19 下午9:43;LEFT_CLICK_BLOCK;SunBird;DIM:0;419;59;480;|;41;5;48
16-1-19 下午9:43;LEFT_CLICK_BLOCK;SunBird;DIM:0;419;59;481;|;41;5;48
16-1-19 下午9:43;LEFT_CLICK_BLOCK;SunBird;DIM:0;420;58;480;|;42;5;48
16-1-19 下午9:43;LEFT_CLICK_BLOCK;SunBird;DIM:0;421;58;480;|;42;5;48
16-1-19 下午9:43;LEFT_CLICK_BLOCK;SunBird;DIM:0;419;58;480;|;41;5;48
16-1-19 下午9:43;RIGHT_CLICK_BLOCK;SunBird;DIM:0;421;58;482;|;42;5;48
16-1-19 下午9:43;LEFT_CLICK_BLOCK;SunBird;DIM:0;421;59;482;|;42;5;48
16-1-19 下午9:44;RIGHT_CLICK_BLOCK;SunBird;DIM:0;422;57;488;|;42;5;48
16-1-19 下午9:45;LEFT_CLICK_BLOCK;SunBird;DIM:0;420;55;483;|;42;5;48
16-1-19 下午9:45;LEFT_CLICK_BLOCK;SunBird;DIM:0;421;55;483;|;42;5;48
16-1-19 下午9:45;LEFT_CLICK_BLOCK;SunBird;DIM:0;420;57;481;|;42;5;48
16-1-19 下午9:45;RIGHT_CLICK_BLOCK;SunBird;DIM:0;420;57;480;|;42;5;48
16-1-19 下午9:45;LEFT_CLICK_BLOCK;SunBird;DIM:0;420;57;481;|;42;5;48
16-1-19 下午9:45;LEFT_CLICK_BLOCK;SunBird;DIM:0;421;57;481;|;42;5;48
16-1-19 下午9:45;RIGHT_CLICK_BLOCK;SunBird;DIM:0;421;56;481;|;42;5;48
16-1-19 下午9:45;RIGHT_CLICK_BLOCK;SunBird;DIM:0;420;56;481;|;42;5;48
16-1-19 下午9:45;RIGHT_CLICK_BLOCK;SunBird;DIM:0;422;57;482;|;42;5;48
16-1-19 下午9:45;RIGHT_CLICK_BLOCK;SunBird;DIM:0;422;56;482;|;42;5;48
16-1-19 下午9:45;RIGHT_CLICK_BLOCK;SunBird;DIM:0;421;55;482;|;42;5;48
16-1-19 下午9:45;RIGHT_CLICK_BLOCK;SunBird;DIM:0;420;55;482;|;42;5;48
16-1-19 下午9:45;RIGHT_CLICK_BLOCK;SunBird;DIM:0;421;50;491;|;42;5;49
16-1-19 下午9:46;RIGHT_CLICK_BLOCK;SunBird;DIM:0;420;50;491;|;42;5;49
16-1-19 下午9:46;LEFT_CLICK_BLOCK;SunBird;DIM:0;420;55;483;|;42;5;48
16-1-19 下午9:46;LEFT_CLICK_BLOCK;SunBird;DIM:0;421;55;483;|;42;5;48
16-1-19 下午9:46;LEFT_CLICK_BLOCK;SunBird;DIM:0;420;57;481;|;42;5;48
16-1-19 下午9:46;RIGHT_CLICK_BLOCK;SunBird;DIM:0;420;56;481;|;42;5;48
16-1-19 下午9:46;RIGHT_CLICK_BLOCK;SunBird;DIM:0;419;58;487;|;41;5;48
16-1-19 下午9:47;RIGHT_CLICK_BLOCK;SunBird;DIM:0;422;56;487;|;42;5;48
16-1-19 下午9:47;LEFT_CLICK_BLOCK;SunBird;DIM:0;420;57;481;|;42;5;48
16-1-19 下午9:47;RIGHT_CLICK_BLOCK;SunBird;DIM:0;421;55;484;|;42;5;48
16-1-19 下午9:47;RIGHT_CLICK_BLOCK;SunBird;DIM:0;420;55;484;|;42;5;48
16-1-19 下午9:47;RIGHT_CLICK_BLOCK;SunBird;DIM:0;420;56;481;|;42;5;48
16-1-19 下午9:47;RIGHT_CLICK_BLOCK;SunBird;DIM:0;422;57;488;|;42;5;48
16-1-19 下午9:47;LEFT_CLICK_BLOCK;SunBird;DIM:0;422;57;487;|;42;5;48
16-1-19 下午9:47;LEFT_CLICK_BLOCK;SunBird;DIM:0;419;57;487;|;41;5;48
16-1-19 下午9:47;LEFT_CLICK_BLOCK;SunBird;DIM:0;420;57;481;|;42;5;48
16-1-19 下午9:47;RIGHT_CLICK_BLOCK;SunBird;DIM:0;420;56;481;|;42;5;48
16-1-19 下午9:47;LEFT_CLICK_BLOCK;SunBird;DIM:0;421;57;487;|;42;5;48
16-1-19 下午9:47;LEFT_CLICK_BLOCK;SunBird;DIM:0;420;57;487;|;42;5;48
16-1-19 下午9:47;RIGHT_CLICK_BLOCK;SunBird;DIM:0;422;58;487;|;42;5;48
16-1-19 下午9:48;RIGHT_CLICK_BLOCK;SunBird;DIM:0;419;58;487;|;41;5;48
16-1-19 下午9:48;RIGHT_CLICK_BLOCK;SunBird;DIM:0;421;55;488;|;42;5;48
16-1-19 下午9:48;RIGHT_CLICK_BLOCK;SunBird;DIM:0;420;55;488;|;42;5;48
16-1-19 下午9:48;RIGHT_CLICK_BLOCK;SunBird;DIM:0;422;57;487;|;42;5;48
16-1-19 下午9:48;RIGHT_CLICK_BLOCK;SunBird;DIM:0;419;57;487;|;41;5;48
16-1-19 下午9:48;LEFT_CLICK_BLOCK;SunBird;DIM:0;420;57;481;|;42;5;48
16-1-19 下午9:48;RIGHT_CLICK_BLOCK;SunBird;DIM:0;420;56;481;|;42;5;48
16-1-19 下午9:48;LEFT_CLICK_BLOCK;SunBird;DIM:0;420;57;487;|;42;5;48
16-1-19 下午9:48;LEFT_CLICK_BLOCK;SunBird;DIM:0;421;57;487;|;42;5;48
16-1-19 下午9:48;LEFT_CLICK_BLOCK;SunBird;DIM:0;420;57;481;|;42;5;48
16-1-19 下午9:48;RIGHT_CLICK_BLOCK;SunBird;DIM:0;420;56;481;|;42;5;48
16-1-19 下午9:49;RIGHT_CLICK_BLOCK;SunBird;DIM:0;422;56;489;|;42;5;48
16-1-19 下午9:49;RIGHT_CLICK_BLOCK;SunBird;DIM:0;421;55;488;|;42;5;48
16-1-19 下午9:49;RIGHT_CLICK_BLOCK;SunBird;DIM:0;420;55;488;|;42;5;48
16-1-19 下午9:49;LEFT_CLICK_BLOCK;SunBird;DIM:0;420;57;481;|;42;5;48
16-1-19 下午9:49;RIGHT_CLICK_BLOCK;SunBird;DIM:0;420;56;481;|;42;5;48
16-1-19 下午9:49;RIGHT_CLICK_BLOCK;SunBird;DIM:0;422;55;488;|;42;5;48
16-1-19 下午9:49;RIGHT_CLICK_BLOCK;SunBird;DIM:0;422;56;488;|;42;5;48
16-1-19 下午9:49;LEFT_CLICK_BLOCK;SunBird;DIM:0;420;57;481;|;42;5;48
16-1-19 下午9:50;RIGHT_CLICK_BLOCK;SunBird;DIM:0;421;55;488;|;42;5;48
16-1-19 下午9:50;RIGHT_CLICK_BLOCK;SunBird;DIM:0;421;56;488;|;42;5;48
16-1-19 下午9:50;RIGHT_CLICK_BLOCK;SunBird;DIM:0;420;55;488;|;42;5;48
16-1-19 下午9:50;RIGHT_CLICK_BLOCK;SunBird;DIM:0;420;56;488;|;42;5;48
16-1-19 下午9:50;RIGHT_CLICK_BLOCK;SunBird;DIM:0;420;56;481;|;42;5;48
16-1-19 下午9:50;LEFT_CLICK_BLOCK;SunBird;DIM:0;421;56;488;|;42;5;48
16-1-19 下午9:50;LEFT_CLICK_BLOCK;SunBird;DIM:0;420;56;488;|;42;5;48
16-1-19 下午9:50;RIGHT_CLICK_BLOCK;SunBird;DIM:0;421;55;488;|;42;5;48
16-1-19 下午9:50;RIGHT_CLICK_BLOCK;SunBird;DIM:0;420;55;488;|;42;5;48
16-1-19 下午9:50;LEFT_CLICK_BLOCK;SunBird;DIM:0;421;56;488;|;42;5;48
16-1-19 下午9:50;LEFT_CLICK_BLOCK;SunBird;DIM:0;421;56;489;|;42;5;48
16-1-19 下午9:50;RIGHT_CLICK_BLOCK;SunBird;DIM:0;421;55;489;|;42;5;48
16-1-19 下午9:50;RIGHT_CLICK_BLOCK;SunBird;DIM:0;421;55;488;|;42;5;48
16-1-19 下午9:50;RIGHT_CLICK_BLOCK;SunBird;DIM:0;422;57;487;|;42;5;48
16-1-19 下午9:50;RIGHT_CLICK_BLOCK;SunBird;DIM:0;419;57;487;|;41;5;48
16-1-19 下午9:51;LEFT_CLICK_BLOCK;SunBird;DIM:0;420;57;481;|;42;5;48
16-1-19 下午9:51;RIGHT_CLICK_BLOCK;SunBird;DIM:0;420;56;481;|;42;5;48
16-1-19 下午9:51;LEFT_CLICK_BLOCK;SunBird;DIM:0;420;57;487;|;42;5;48
16-1-19 下午9:51;LEFT_CLICK_BLOCK;SunBird;DIM:0;421;57;487;|;42;5;48
16-1-19 下午9:51;RIGHT_CLICK_BLOCK;SunBird;DIM:0;421;55;488;|;42;5;48
16-1-19 下午9:51;RIGHT_CLICK_BLOCK;SunBird;DIM:0;420;55;488;|;42;5;48
16-1-19 下午9:51;LEFT_CLICK_BLOCK;SunBird;DIM:0;420;57;481;|;42;5;48
16-1-19 下午9:51;LEFT_CLICK_BLOCK;SunBird;DIM:0;421;56;488;|;42;5;48
16-1-19 下午9:51;LEFT_CLICK_BLOCK;SunBird;DIM:0;421;56;489;|;42;5;48
16-1-19 下午9:51;LEFT_CLICK_BLOCK;SunBird;DIM:0;421;56;490;|;42;5;49
16-1-19 下午9:51;LEFT_CLICK_BLOCK;SunBird;DIM:0;421;56;491;|;42;5;49
16-1-19 下午9:51;RIGHT_CLICK_BLOCK;SunBird;DIM:0;421;55;488;|;42;5;48
16-1-19 下午9:51;RIGHT_CLICK_BLOCK;SunBird;DIM:0;421;56;488;|;42;5;48
16-1-19 下午9:51;RIGHT_CLICK_BLOCK;SunBird;DIM:0;421;55;490;|;42;5;49
16-1-19 下午9:51;RIGHT_CLICK_BLOCK;SunBird;DIM:0;421;55;491;|;42;5;49
16-1-19 下午9:51;RIGHT_CLICK_BLOCK;SunBird;DIM:0;421;58;483;|;42;5;48
16-1-19 下午9:51;RIGHT_CLICK_BLOCK;SunBird;DIM:0;421;58;482;|;42;5;48
16-1-19 下午9:52;RIGHT_CLICK_BLOCK;SunBird;DIM:0;421;59;482;|;42;5;48
16-1-19 下午9:52;RIGHT_CLICK_BLOCK;SunBird;DIM:0;421;59;483;|;42;5;48
16-1-19 下午9:52;RIGHT_CLICK_BLOCK;SunBird;DIM:0;421;58;483;|;42;5;48
16-1-19 下午9:52;RIGHT_CLICK_BLOCK;SunBird;DIM:0;421;58;484;|;42;5;48
16-1-19 下午9:52;RIGHT_CLICK_BLOCK;SunBird;DIM:0;421;58;485;|;42;5;48
16-1-19 下午9:52;RIGHT_CLICK_BLOCK;SunBird;DIM:0;421;59;483;|;42;5;48
16-1-19 下午9:52;RIGHT_CLICK_BLOCK;SunBird;DIM:0;421;59;484;|;42;5;48
16-1-19 下午9:52;RIGHT_CLICK_BLOCK;SunBird;DIM:0;421;59;485;|;42;5;48
16-1-19 下午9:52;RIGHT_CLICK_BLOCK;SunBird;DIM:0;421;58;483;|;42;5;48
16-1-19 下午9:52;RIGHT_CLICK_BLOCK;SunBird;DIM:0;421;58;484;|;42;5;48
16-1-19 下午9:52;RIGHT_CLICK_BLOCK;SunBird;DIM:0;421;59;483;|;42;5;48
16-1-19 下午9:52;RIGHT_CLICK_BLOCK;SunBird;DIM:0;421;59;484;|;42;5;48
16-1-19 下午9:54;RIGHT_CLICK_BLOCK;SunBird;DIM:0;450;80;627;|;45;8;62
16-1-19 下午9:54;RIGHT_CLICK_BLOCK;SunBird;DIM:0;451;80;627;|;45;8;62
16-1-19 下午9:54;RIGHT_CLICK_BLOCK;SunBird;DIM:0;450;81;627;|;45;8;62
16-1-19 下午9:54;RIGHT_CLICK_BLOCK;SunBird;DIM:0;451;81;627;|;45;8;62
16-1-19 下午9:54;RIGHT_CLICK_BLOCK;SunBird;DIM:0;450;81;627;|;45;8;62
16-1-19 下午9:57;RIGHT_CLICK_BLOCK;SunBird;DIM:0;451;81;627;|;45;8;62
16-1-19 下午9:57;LEFT_CLICK_BLOCK;SunBird;DIM:0;450;81;627;|;45;8;62
16-1-19 下午9:57;RIGHT_CLICK_BLOCK;SunBird;DIM:0;450;80;627;|;45;8;62
16-1-19 下午9:57;RIGHT_CLICK_BLOCK;SunBird;DIM:0;450;81;627;|;45;8;62
16-1-19 下午9:57;LEFT_CLICK_BLOCK;SunBird;DIM:0;450;81;626;|;45;8;62
16-1-19 下午9:57;RIGHT_CLICK_BLOCK;SunBird;DIM:0;451;81;627;|;45;8;62
16-1-19 下午9:57;RIGHT_CLICK_BLOCK;SunBird;DIM:0;450;81;627;|;45;8;62
16-1-19 下午9:57;RIGHT_CLICK_BLOCK;SunBird;DIM:0;450;81;627;|;45;8;62
16-1-19 下午9:57;LEFT_CLICK_BLOCK;SunBird;DIM:0;449;80;627;|;44;8;62
16-1-19 下午9:57;LEFT_CLICK_BLOCK;SunBird;DIM:0;448;80;627;|;44;8;62
16-1-19 下午9:57;LEFT_CLICK_BLOCK;SunBird;DIM:0;448;80;628;|;44;8;62
16-1-19 下午9:57;LEFT_CLICK_BLOCK;SunBird;DIM:0;449;80;628;|;44;8;62
16-1-19 下午9:57;LEFT_CLICK_BLOCK;SunBird;DIM:0;450;80;628;|;45;8;62
16-1-19 下午9:57;LEFT_CLICK_BLOCK;SunBird;DIM:0;450;80;627;|;45;8;62
16-1-19 下午9:57;LEFT_CLICK_BLOCK;SunBird;DIM:0;449;79;627;|;44;7;62
16-1-19 下午9:57;LEFT_CLICK_BLOCK;SunBird;DIM:0;448;79;627;|;44;7;62
16-1-19 下午9:57;LEFT_CLICK_BLOCK;SunBird;DIM:0;450;79;627;|;45;7;62
16-1-19 下午9:57;RIGHT_CLICK_BLOCK;SunBird;DIM:0;450;81;627;|;45;8;62
16-1-19 下午10:05;LEFT_CLICK_BLOCK;SunBird;DIM:0;450;81;627;|;45;8;62
16-1-19 下午10:05;LEFT_CLICK_BLOCK;SunBird;DIM:0;451;81;627;|;45;8;62
16-1-19 下午10:06;RIGHT_CLICK_BLOCK;SunBird;DIM:0;464;89;687;|;46;8;68
16-1-19 下午10:06;RIGHT_CLICK_BLOCK;SunBird;DIM:0;465;89;687;|;46;8;68
16-1-19 下午10:06;RIGHT_CLICK_BLOCK;SunBird;DIM:0;465;89;688;|;46;8;68
16-1-19 下午10:06;LEFT_CLICK_BLOCK;SunBird;DIM:0;464;89;688;|;46;8;68
16-1-19 下午10:06;LEFT_CLICK_BLOCK;SunBird;DIM:0;464;88;688;|;46;8;68
16-1-19 下午10:06;LEFT_CLICK_BLOCK;SunBird;DIM:0;464;88;687;|;46;8;68
16-1-19 下午10:06;LEFT_CLICK_BLOCK;SunBird;DIM:0;463;89;688;|;46;8;68
16-1-19 下午10:06;LEFT_CLICK_BLOCK;SunBird;DIM:0;463;88;688;|;46;8;68
16-1-19 下午10:06;LEFT_CLICK_BLOCK;SunBird;DIM:0;462;88;688;|;46;8;68
16-1-19 下午10:06;LEFT_CLICK_BLOCK;SunBird;DIM:0;464;90;688;|;46;9;68
16-1-19 下午10:06;LEFT_CLICK_BLOCK;SunBird;DIM:0;464;90;687;|;46;9;68
16-1-19 下午10:06;LEFT_CLICK_BLOCK;SunBird;DIM:0;464;91;688;|;46;9;68
16-1-19 下午10:06;LEFT_CLICK_BLOCK;SunBird;DIM:0;464;89;687;|;46;8;68
16-1-19 下午10:06;LEFT_CLICK_BLOCK;SunBird;DIM:0;464;88;686;|;46;8;68
16-1-19 下午10:06;LEFT_CLICK_BLOCK;SunBird;DIM:0;463;88;687;|;46;8;68
16-1-19 下午10:06;RIGHT_CLICK_BLOCK;SunBird;DIM:0;465;89;689;|;46;8;68
16-1-19 下午10:06;RIGHT_CLICK_BLOCK;SunBird;DIM:0;465;89;690;|;46;8;69
16-1-19 下午10:06;LEFT_CLICK_BLOCK;SunBird;DIM:0;465;89;690;|;46;8;69
16-1-19 下午10:06;RIGHT_CLICK_BLOCK;SunBird;DIM:0;466;89;690;|;46;8;69
16-1-19 下午10:06;RIGHT_CLICK_BLOCK;SunBird;DIM:0;466;89;691;|;46;8;69
16-1-19 下午10:06;RIGHT_CLICK_BLOCK;SunBird;DIM:0;467;89;691;|;46;8;69
16-1-19 下午10:06;LEFT_CLICK_BLOCK;SunBird;DIM:0;467;89;691;|;46;8;69
16-1-19 下午10:06;RIGHT_CLICK_BLOCK;SunBird;DIM:0;467;89;692;|;46;8;69
16-1-19 下午10:06;RIGHT_CLICK_BLOCK;SunBird;DIM:0;468;89;692;|;46;8;69
16-1-19 下午10:06;LEFT_CLICK_BLOCK;SunBird;DIM:0;468;89;692;|;46;8;69
16-1-19 下午10:06;RIGHT_CLICK_BLOCK;SunBird;DIM:0;468;89;693;|;46;8;69
16-1-19 下午10:06;RIGHT_CLICK_BLOCK;SunBird;DIM:0;469;89;693;|;46;8;69
16-1-19 下午10:06;RIGHT_CLICK_BLOCK;SunBird;DIM:0;470;89;693;|;47;8;69
16-1-19 下午10:06;LEFT_CLICK_BLOCK;SunBird;DIM:0;470;89;693;|;47;8;69
16-1-19 下午10:06;RIGHT_CLICK_BLOCK;SunBird;DIM:0;470;89;694;|;47;8;69
16-1-19 下午10:06;RIGHT_CLICK_BLOCK;SunBird;DIM:0;471;89;694;|;47;8;69
16-1-19 下午10:06;RIGHT_CLICK_BLOCK;SunBird;DIM:0;472;89;694;|;47;8;69
16-1-19 下午10:06;RIGHT_CLICK_BLOCK;SunBird;DIM:0;472;89;693;|;47;8;69
16-1-19 下午10:06;LEFT_CLICK_BLOCK;SunBird;DIM:0;472;89;693;|;47;8;69
16-1-19 下午10:06;RIGHT_CLICK_BLOCK;SunBird;DIM:0;473;89;693;|;47;8;69
16-1-19 下午10:06;RIGHT_CLICK_BLOCK;SunBird;DIM:0;474;89;693;|;47;8;69
16-1-19 下午10:06;RIGHT_CLICK_BLOCK;SunBird;DIM:0;474;89;692;|;47;8;69
16-1-19 下午10:06;LEFT_CLICK_BLOCK;SunBird;DIM:0;474;89;692;|;47;8;69
16-1-19 下午10:06;RIGHT_CLICK_BLOCK;SunBird;DIM:0;475;89;692;|;47;8;69
16-1-19 下午10:06;RIGHT_CLICK_BLOCK;SunBird;DIM:0;475;89;691;|;47;8;69
16-1-19 下午10:06;LEFT_CLICK_BLOCK;SunBird;DIM:0;475;89;691;|;47;8;69
16-1-19 下午10:06;RIGHT_CLICK_BLOCK;SunBird;DIM:0;476;89;691;|;47;8;69
16-1-19 下午10:06;RIGHT_CLICK_BLOCK;SunBird;DIM:0;476;89;690;|;47;8;69
16-1-19 下午10:06;RIGHT_CLICK_BLOCK;SunBird;DIM:0;476;89;689;|;47;8;68
16-1-19 下午10:06;LEFT_CLICK_BLOCK;SunBird;DIM:0;476;89;689;|;47;8;68
16-1-19 下午10:07;RIGHT_CLICK_BLOCK;SunBird;DIM:0;477;89;689;|;47;8;68
16-1-19 下午10:07;RIGHT_CLICK_BLOCK;SunBird;DIM:0;477;89;688;|;47;8;68
16-1-19 下午10:07;RIGHT_CLICK_BLOCK;SunBird;DIM:0;477;89;687;|;47;8;68
16-1-19 下午10:07;RIGHT_CLICK_BLOCK;SunBird;DIM:0;476;89;687;|;47;8;68
16-1-19 下午10:07;LEFT_CLICK_BLOCK;SunBird;DIM:0;476;89;687;|;47;8;68
16-1-19 下午10:07;RIGHT_CLICK_BLOCK;SunBird;DIM:0;476;89;686;|;47;8;68
16-1-19 下午10:07;RIGHT_CLICK_BLOCK;SunBird;DIM:0;476;89;685;|;47;8;68
16-1-19 下午10:07;RIGHT_CLICK_BLOCK;SunBird;DIM:0;475;89;685;|;47;8;68
16-1-19 下午10:07;LEFT_CLICK_BLOCK;SunBird;DIM:0;475;89;685;|;47;8;68
16-1-19 下午10:07;RIGHT_CLICK_BLOCK;SunBird;DIM:0;475;89;684;|;47;8;68
16-1-19 下午10:07;RIGHT_CLICK_BLOCK;SunBird;DIM:0;474;89;684;|;47;8;68
16-1-19 下午10:07;LEFT_CLICK_BLOCK;SunBird;DIM:0;474;89;684;|;47;8;68
16-1-19 下午10:07;RIGHT_CLICK_BLOCK;SunBird;DIM:0;474;89;683;|;47;8;68
16-1-19 下午10:07;RIGHT_CLICK_BLOCK;SunBird;DIM:0;473;89;683;|;47;8;68
16-1-19 下午10:07;RIGHT_CLICK_BLOCK;SunBird;DIM:0;473;89;682;|;47;8;68
16-1-19 下午10:07;LEFT_CLICK_BLOCK;SunBird;DIM:0;473;89;682;|;47;8;68
16-1-19 下午10:07;RIGHT_CLICK_BLOCK;SunBird;DIM:0;472;89;682;|;47;8;68
16-1-19 下午10:07;RIGHT_CLICK_BLOCK;SunBird;DIM:0;471;89;682;|;47;8;68
16-1-19 下午10:07;RIGHT_CLICK_BLOCK;SunBird;DIM:0;470;89;682;|;47;8;68
16-1-19 下午10:07;RIGHT_CLICK_BLOCK;SunBird;DIM:0;470;89;683;|;47;8;68
16-1-19 下午10:07;LEFT_CLICK_BLOCK;SunBird;DIM:0;470;89;683;|;47;8;68
16-1-19 下午10:07;RIGHT_CLICK_BLOCK;SunBird;DIM:0;469;89;683;|;46;8;68
16-1-19 下午10:07;RIGHT_CLICK_BLOCK;SunBird;DIM:0;469;89;684;|;46;8;68
16-1-19 下午10:07;LEFT_CLICK_BLOCK;SunBird;DIM:0;469;89;684;|;46;8;68
16-1-19 下午10:07;RIGHT_CLICK_BLOCK;SunBird;DIM:0;468;89;684;|;46;8;68
16-1-19 下午10:07;LEFT_CLICK_BLOCK;SunBird;DIM:0;468;89;684;|;46;8;68
16-1-19 下午10:07;RIGHT_CLICK_BLOCK;SunBird;DIM:0;467;89;684;|;46;8;68
16-1-19 下午10:07;RIGHT_CLICK_BLOCK;SunBird;DIM:0;466;89;684;|;46;8;68
16-1-19 下午10:07;LEFT_CLICK_BLOCK;SunBird;DIM:0;467;89;685;|;46;8;68
16-1-19 下午10:07;RIGHT_CLICK_BLOCK;SunBird;DIM:0;466;89;685;|;46;8;68
16-1-19 下午10:07;LEFT_CLICK_BLOCK;SunBird;DIM:0;466;89;684;|;46;8;68
16-1-19 下午10:07;RIGHT_CLICK_BLOCK;SunBird;DIM:0;476;89;691;|;47;8;69
16-1-19 下午10:07;RIGHT_CLICK_BLOCK;SunBird;DIM:0;475;89;691;|;47;8;69
16-1-19 下午10:07;RIGHT_CLICK_BLOCK;SunBird;DIM:0;476;89;690;|;47;8;69
16-1-19 下午10:07;RIGHT_CLICK_BLOCK;SunBird;DIM:0;477;89;688;|;47;8;68
16-1-19 下午10:07;RIGHT_CLICK_BLOCK;SunBird;DIM:0;477;89;687;|;47;8;68
16-1-19 下午10:07;RIGHT_CLICK_BLOCK;SunBird;DIM:0;476;89;685;|;47;8;68
16-1-19 下午10:07;RIGHT_CLICK_BLOCK;SunBird;DIM:0;476;89;686;|;47;8;68
16-1-19 下午10:07;RIGHT_CLICK_BLOCK;SunBird;DIM:0;475;89;684;|;47;8;68
16-1-19 下午10:07;RIGHT_CLICK_BLOCK;SunBird;DIM:0;473;89;683;|;47;8;68
16-1-19 下午10:07;RIGHT_CLICK_BLOCK;SunBird;DIM:0;472;89;682;|;47;8;68
16-1-19 下午10:07;RIGHT_CLICK_BLOCK;SunBird;DIM:0;471;89;682;|;47;8;68
16-1-19 下午10:07;RIGHT_CLICK_BLOCK;SunBird;DIM:0;470;89;682;|;47;8;68
16-1-19 下午10:08;RIGHT_CLICK_BLOCK;SunBird;DIM:0;469;89;683;|;46;8;68
16-1-19 下午10:08;RIGHT_CLICK_BLOCK;SunBird;DIM:0;468;89;683;|;46;8;68
16-1-19 下午10:08;RIGHT_CLICK_BLOCK;SunBird;DIM:0;467;89;684;|;46;8;68
16-1-19 下午10:08;RIGHT_CLICK_BLOCK;SunBird;DIM:0;466;89;686;|;46;8;68
16-1-19 下午10:08;RIGHT_CLICK_BLOCK;SunBird;DIM:0;465;89;687;|;46;8;68
16-1-19 下午10:08;RIGHT_CLICK_BLOCK;SunBird;DIM:0;465;89;688;|;46;8;68
16-1-19 下午10:08;RIGHT_CLICK_BLOCK;SunBird;DIM:0;465;89;689;|;46;8;68
16-1-19 下午10:08;RIGHT_CLICK_BLOCK;SunBird;DIM:0;466;89;690;|;46;8;69
16-1-19 下午10:08;RIGHT_CLICK_BLOCK;SunBird;DIM:0;466;89;691;|;46;8;69
16-1-19 下午10:08;RIGHT_CLICK_BLOCK;SunBird;DIM:0;467;89;692;|;46;8;69
16-1-19 下午10:08;RIGHT_CLICK_BLOCK;SunBird;DIM:0;469;89;693;|;46;8;69
16-1-19 下午10:08;RIGHT_CLICK_BLOCK;SunBird;DIM:0;470;89;694;|;47;8;69
16-1-19 下午10:08;RIGHT_CLICK_BLOCK;SunBird;DIM:0;471;89;694;|;47;8;69
16-1-19 下午10:08;RIGHT_CLICK_BLOCK;SunBird;DIM:0;473;89;693;|;47;8;69
16-1-19 下午10:08;RIGHT_CLICK_BLOCK;SunBird;DIM:0;475;89;692;|;47;8;69
16-1-19 下午10:08;RIGHT_CLICK_BLOCK;SunBird;DIM:0;476;89;691;|;47;8;69
16-1-19 下午10:08;RIGHT_CLICK_BLOCK;SunBird;DIM:0;476;89;690;|;47;8;69
16-1-19 下午10:08;RIGHT_CLICK_BLOCK;SunBird;DIM:0;477;89;689;|;47;8;68
16-1-19 下午10:08;RIGHT_CLICK_BLOCK;SunBird;DIM:0;477;89;688;|;47;8;68
16-1-19 下午10:08;RIGHT_CLICK_BLOCK;SunBird;DIM:0;477;89;687;|;47;8;68
16-1-19 下午10:08;RIGHT_CLICK_BLOCK;SunBird;DIM:0;476;89;686;|;47;8;68
16-1-19 下午10:08;RIGHT_CLICK_BLOCK;SunBird;DIM:0;476;90;686;|;47;9;68
16-1-19 下午10:08;LEFT_CLICK_BLOCK;SunBird;DIM:0;476;89;685;|;47;8;68
16-1-19 下午10:08;LEFT_CLICK_BLOCK;SunBird;DIM:0;476;91;686;|;47;9;68
16-1-19 下午10:08;RIGHT_CLICK_BLOCK;SunBird;DIM:0;476;89;686;|;47;8;68
16-1-19 下午10:08;RIGHT_CLICK_BLOCK;SunBird;DIM:0;476;89;685;|;47;8;68
16-1-19 下午10:08;RIGHT_CLICK_BLOCK;SunBird;DIM:0;475;89;684;|;47;8;68
16-1-19 下午10:08;RIGHT_CLICK_BLOCK;SunBird;DIM:0;474;89;683;|;47;8;68
16-1-19 下午10:08;RIGHT_CLICK_BLOCK;SunBird;DIM:0;473;89;683;|;47;8;68
16-1-19 下午10:08;RIGHT_CLICK_BLOCK;SunBird;DIM:0;472;89;682;|;47;8;68
16-1-19 下午10:08;RIGHT_CLICK_BLOCK;SunBird;DIM:0;471;89;682;|;47;8;68
16-1-19 下午10:08;RIGHT_CLICK_BLOCK;SunBird;DIM:0;470;89;682;|;47;8;68
16-1-19 下午10:08;RIGHT_CLICK_BLOCK;SunBird;DIM:0;469;89;683;|;46;8;68
16-1-19 下午10:08;RIGHT_CLICK_BLOCK;SunBird;DIM:0;468;89;683;|;46;8;68
16-1-19 下午10:08;RIGHT_CLICK_BLOCK;SunBird;DIM:0;467;89;684;|;46;8;68
16-1-19 下午10:10;RIGHT_CLICK_BLOCK;SunBird;DIM:0;466;89;686;|;46;8;68
16-1-19 下午10:10;RIGHT_CLICK_BLOCK;SunBird;DIM:0;466;89;685;|;46;8;68
16-1-19 下午10:10;RIGHT_CLICK_BLOCK;SunBird;DIM:0;465;89;687;|;46;8;68
16-1-19 下午10:10;RIGHT_CLICK_BLOCK;SunBird;DIM:0;465;89;688;|;46;8;68
16-1-19 下午10:10;RIGHT_CLICK_BLOCK;SunBird;DIM:0;465;89;689;|;46;8;68
16-1-19 下午10:10;RIGHT_CLICK_BLOCK;SunBird;DIM:0;466;89;690;|;46;8;69
16-1-19 下午10:10;RIGHT_CLICK_BLOCK;SunBird;DIM:0;466;89;691;|;46;8;69
16-1-19 下午10:10;RIGHT_CLICK_BLOCK;SunBird;DIM:0;467;89;692;|;46;8;69
16-1-19 下午10:10;RIGHT_CLICK_BLOCK;SunBird;DIM:0;468;89;693;|;46;8;69
16-1-19 下午10:10;RIGHT_CLICK_BLOCK;SunBird;DIM:0;469;89;693;|;46;8;69
16-1-19 下午10:10;RIGHT_CLICK_BLOCK;SunBird;DIM:0;470;89;694;|;47;8;69
16-1-19 下午10:10;RIGHT_CLICK_BLOCK;SunBird;DIM:0;471;89;694;|;47;8;69
16-1-19 下午10:10;RIGHT_CLICK_BLOCK;SunBird;DIM:0;472;89;694;|;47;8;69
16-1-19 下午10:10;RIGHT_CLICK_BLOCK;SunBird;DIM:0;473;89;693;|;47;8;69
16-1-19 下午10:10;RIGHT_CLICK_BLOCK;SunBird;DIM:0;474;89;693;|;47;8;69
16-1-19 下午10:10;RIGHT_CLICK_BLOCK;SunBird;DIM:0;475;89;692;|;47;8;69
16-1-19 下午10:10;RIGHT_CLICK_BLOCK;SunBird;DIM:0;476;89;690;|;47;8;69
16-1-19 下午10:10;RIGHT_CLICK_BLOCK;SunBird;DIM:0;476;89;691;|;47;8;69
16-1-19 下午10:10;RIGHT_CLICK_BLOCK;SunBird;DIM:0;474;89;693;|;47;8;69
16-1-19 下午10:10;RIGHT_CLICK_BLOCK;SunBird;DIM:0;473;89;693;|;47;8;69
16-1-19 下午10:10;RIGHT_CLICK_BLOCK;SunBird;DIM:0;472;89;694;|;47;8;69
16-1-19 下午10:10;RIGHT_CLICK_BLOCK;SunBird;DIM:0;471;89;694;|;47;8;69
16-1-19 下午10:10;RIGHT_CLICK_BLOCK;SunBird;DIM:0;470;89;694;|;47;8;69
16-1-19 下午10:10;RIGHT_CLICK_BLOCK;SunBird;DIM:0;469;89;693;|;46;8;69
16-1-19 下午10:10;RIGHT_CLICK_BLOCK;SunBird;DIM:0;468;89;693;|;46;8;69
16-1-19 下午10:10;RIGHT_CLICK_BLOCK;SunBird;DIM:0;467;89;692;|;46;8;69
16-1-19 下午10:10;RIGHT_CLICK_BLOCK;SunBird;DIM:0;466;89;691;|;46;8;69
16-1-19 下午10:10;RIGHT_CLICK_BLOCK;SunBird;DIM:0;466;89;690;|;46;8;69
16-1-19 下午10:10;RIGHT_CLICK_BLOCK;SunBird;DIM:0;465;89;689;|;46;8;68
16-1-19 下午10:10;RIGHT_CLICK_BLOCK;SunBird;DIM:0;464;89;689;|;46;8;68
16-1-19 下午10:10;RIGHT_CLICK_BLOCK;SunBird;DIM:0;465;89;688;|;46;8;68
16-1-19 下午10:10;RIGHT_CLICK_BLOCK;SunBird;DIM:0;465;89;687;|;46;8;68
16-1-19 下午10:10;LEFT_CLICK_BLOCK;SunBird;DIM:0;464;90;689;|;46;9;68
16-1-19 下午10:10;RIGHT_CLICK_BLOCK;SunBird;DIM:0;466;89;686;|;46;8;68
16-1-19 下午10:10;RIGHT_CLICK_BLOCK;SunBird;DIM:0;466;89;685;|;46;8;68
16-1-19 下午10:10;RIGHT_CLICK_BLOCK;SunBird;DIM:0;467;89;684;|;46;8;68
16-1-19 下午10:10;RIGHT_CLICK_BLOCK;SunBird;DIM:0;468;89;683;|;46;8;68
16-1-19 下午10:10;RIGHT_CLICK_BLOCK;SunBird;DIM:0;469;89;683;|;46;8;68
16-1-19 下午10:10;RIGHT_CLICK_BLOCK;SunBird;DIM:0;468;89;683;|;46;8;68
16-1-19 下午10:10;RIGHT_CLICK_BLOCK;SunBird;DIM:0;470;89;682;|;47;8;68
16-1-19 下午10:10;RIGHT_CLICK_BLOCK;SunBird;DIM:0;471;89;682;|;47;8;68
16-1-19 下午10:10;RIGHT_CLICK_BLOCK;SunBird;DIM:0;472;89;682;|;47;8;68
16-1-19 下午10:10;RIGHT_CLICK_BLOCK;SunBird;DIM:0;473;89;683;|;47;8;68
16-1-19 下午10:10;RIGHT_CLICK_BLOCK;SunBird;DIM:0;474;89;683;|;47;8;68
16-1-19 下午10:10;RIGHT_CLICK_BLOCK;SunBird;DIM:0;475;89;684;|;47;8;68
16-1-19 下午10:10;RIGHT_CLICK_BLOCK;SunBird;DIM:0;476;89;685;|;47;8;68
16-1-19 下午10:10;RIGHT_CLICK_BLOCK;SunBird;DIM:0;476;89;686;|;47;8;68
16-1-19 下午10:10;RIGHT_CLICK_BLOCK;SunBird;DIM:0;476;89;685;|;47;8;68
16-1-19 下午10:10;RIGHT_CLICK_BLOCK;SunBird;DIM:0;477;89;687;|;47;8;68
16-1-19 下午10:10;RIGHT_CLICK_BLOCK;SunBird;DIM:0;477;89;688;|;47;8;68
16-1-19 下午10:10;RIGHT_CLICK_BLOCK;SunBird;DIM:0;477;89;689;|;47;8;68
16-1-19 下午10:11;RIGHT_CLICK_BLOCK;SunBird;DIM:0;469;89;693;|;46;8;69
16-1-19 下午10:11;RIGHT_CLICK_BLOCK;SunBird;DIM:0;468;89;693;|;46;8;69
16-1-19 下午10:11;RIGHT_CLICK_BLOCK;SunBird;DIM:0;467;89;692;|;46;8;69
16-1-19 下午10:11;RIGHT_CLICK_BLOCK;SunBird;DIM:0;466;89;691;|;46;8;69
16-1-19 下午10:11;RIGHT_CLICK_BLOCK;SunBird;DIM:0;466;89;690;|;46;8;69
16-1-19 下午10:11;RIGHT_CLICK_BLOCK;SunBird;DIM:0;465;89;689;|;46;8;68
16-1-19 下午10:11;RIGHT_CLICK_BLOCK;SunBird;DIM:0;465;89;688;|;46;8;68
16-1-19 下午10:11;RIGHT_CLICK_BLOCK;SunBird;DIM:0;465;89;687;|;46;8;68
16-1-19 下午10:11;RIGHT_CLICK_BLOCK;SunBird;DIM:0;466;89;686;|;46;8;68
16-1-19 下午10:11;RIGHT_CLICK_BLOCK;SunBird;DIM:0;466;89;685;|;46;8;68
16-1-19 下午10:11;RIGHT_CLICK_BLOCK;SunBird;DIM:0;467;89;684;|;46;8;68
16-1-19 下午10:11;RIGHT_CLICK_BLOCK;SunBird;DIM:0;468;89;683;|;46;8;68
16-1-19 下午10:11;RIGHT_CLICK_BLOCK;SunBird;DIM:0;469;89;683;|;46;8;68
16-1-19 下午10:11;RIGHT_CLICK_BLOCK;SunBird;DIM:0;470;89;682;|;47;8;68
16-1-19 下午10:11;RIGHT_CLICK_BLOCK;SunBird;DIM:0;471;89;682;|;47;8;68
16-1-19 下午10:11;RIGHT_CLICK_BLOCK;SunBird;DIM:0;472;89;682;|;47;8;68
16-1-19 下午10:11;RIGHT_CLICK_BLOCK;SunBird;DIM:0;473;89;683;|;47;8;68
16-1-19 下午10:11;RIGHT_CLICK_BLOCK;SunBird;DIM:0;473;88;683;|;47;8;68
16-1-19 下午10:11;LEFT_CLICK_BLOCK;SunBird;DIM:0;473;87;683;|;47;8;68
16-1-19 下午10:11;RIGHT_CLICK_BLOCK;SunBird;DIM:0;474;89;683;|;47;8;68
16-1-19 下午10:11;RIGHT_CLICK_BLOCK;SunBird;DIM:0;475;89;684;|;47;8;68
16-1-19 下午10:11;RIGHT_CLICK_BLOCK;SunBird;DIM:0;475;88;684;|;47;8;68
16-1-19 下午10:11;LEFT_CLICK_BLOCK;SunBird;DIM:0;475;87;684;|;47;8;68
16-1-19 下午10:11;RIGHT_CLICK_BLOCK;SunBird;DIM:0;476;89;685;|;47;8;68
16-1-19 下午10:11;RIGHT_CLICK_BLOCK;SunBird;DIM:0;476;89;686;|;47;8;68
16-1-19 下午10:11;RIGHT_CLICK_BLOCK;SunBird;DIM:0;477;89;687;|;47;8;68
16-1-19 下午10:11;RIGHT_CLICK_BLOCK;SunBird;DIM:0;476;89;688;|;47;8;68
16-1-19 下午10:11;LEFT_CLICK_BLOCK;SunBird;DIM:0;476;88;688;|;47;8;68
16-1-19 下午10:11;RIGHT_CLICK_BLOCK;SunBird;DIM:0;477;89;688;|;47;8;68
16-1-19 下午10:11;RIGHT_CLICK_BLOCK;SunBird;DIM:0;477;89;689;|;47;8;68
16-1-19 下午10:11;RIGHT_CLICK_BLOCK;SunBird;DIM:0;476;89;690;|;47;8;69
16-1-19 下午10:11;RIGHT_CLICK_BLOCK;SunBird;DIM:0;476;89;691;|;47;8;69
16-1-19 下午10:11;RIGHT_CLICK_BLOCK;SunBird;DIM:0;475;89;692;|;47;8;69
16-1-19 下午10:11;RIGHT_CLICK_BLOCK;SunBird;DIM:0;474;89;693;|;47;8;69
16-1-19 下午10:11;RIGHT_CLICK_BLOCK;SunBird;DIM:0;473;89;693;|;47;8;69
16-1-19 下午10:11;RIGHT_CLICK_BLOCK;SunBird;DIM:0;472;89;694;|;47;8;69
16-1-19 下午10:11;RIGHT_CLICK_BLOCK;SunBird;DIM:0;471;89;694;|;47;8;69
16-1-19 下午10:11;RIGHT_CLICK_BLOCK;SunBird;DIM:0;470;89;694;|;47;8;69
16-1-19 下午10:13;LEFT_CLICK_BLOCK;SunBird;DIM:0;471;89;683;|;47;8;68
16-1-19 下午10:13;RIGHT_CLICK_BLOCK;SunBird;DIM:0;471;89;682;|;47;8;68
16-1-19 下午10:13;LEFT_CLICK_BLOCK;SunBird;DIM:0;476;89;688;|;47;8;68
16-1-19 下午10:13;RIGHT_CLICK_BLOCK;SunBird;DIM:0;477;89;688;|;47;8;68
16-1-19 下午10:13;LEFT_CLICK_BLOCK;SunBird;DIM:0;471;89;693;|;47;8;69
16-1-19 下午10:13;RIGHT_CLICK_BLOCK;SunBird;DIM:0;471;89;694;|;47;8;69
16-1-19 下午10:13;LEFT_CLICK_BLOCK;SunBird;DIM:0;466;89;688;|;46;8;68
16-1-19 下午10:13;RIGHT_CLICK_BLOCK;SunBird;DIM:0;465;89;688;|;46;8;68
16-1-19 下午10:17;LEFT_CLICK_BLOCK;SunBird;DIM:0;466;89;689;|;46;8;68
16-1-19 下午10:17;RIGHT_CLICK_BLOCK;SunBird;DIM:0;465;89;689;|;46;8;68
16-1-19 下午10:17;LEFT_CLICK_BLOCK;SunBird;DIM:0;465;90;689;|;46;9;68
16-1-19 下午10:17;RIGHT_CLICK_BLOCK;SunBird;DIM:0;465;89;689;|;46;8;68
16-1-19 下午10:18;LEFT_CLICK_BLOCK;SunBird;DIM:0;465;90;689;|;46;9;68
16-1-19 下午10:18;RIGHT_CLICK_BLOCK;SunBird;DIM:0;465;89;689;|;46;8;68
16-1-19 下午10:18;LEFT_CLICK_BLOCK;SunBird;DIM:0;465;88;689;|;46;8;68
16-1-19 下午10:18;RIGHT_CLICK_BLOCK;SunBird;DIM:0;465;89;689;|;46;8;68
16-1-19 下午10:18;LEFT_CLICK_BLOCK;SunBird;DIM:0;470;88;694;|;47;8;69
16-1-19 下午10:18;RIGHT_CLICK_BLOCK;SunBird;DIM:0;470;89;694;|;47;8;69
16-1-19 下午10:18;LEFT_CLICK_BLOCK;SunBird;DIM:0;472;88;694;|;47;8;69
16-1-19 下午10:18;RIGHT_CLICK_BLOCK;SunBird;DIM:0;472;89;694;|;47;8;69
16-1-19 下午10:18;LEFT_CLICK_BLOCK;SunBird;DIM:0;472;90;694;|;47;9;69
16-1-19 下午10:18;RIGHT_CLICK_BLOCK;SunBird;DIM:0;472;89;694;|;47;8;69
16-1-19 下午10:18;LEFT_CLICK_BLOCK;SunBird;DIM:0;470;90;694;|;47;9;69
16-1-19 下午10:18;RIGHT_CLICK_BLOCK;SunBird;DIM:0;470;89;694;|;47;8;69
16-1-19 下午10:18;LEFT_CLICK_BLOCK;SunBird;DIM:0;477;90;689;|;47;9;68
16-1-19 下午10:18;RIGHT_CLICK_BLOCK;SunBird;DIM:0;477;89;689;|;47;8;68
16-1-19 下午10:18;LEFT_CLICK_BLOCK;SunBird;DIM:0;477;90;687;|;47;9;68
16-1-19 下午10:18;RIGHT_CLICK_BLOCK;SunBird;DIM:0;477;90;688;|;47;9;68
16-1-19 下午10:18;LEFT_CLICK_BLOCK;SunBird;DIM:0;476;90;688;|;47;9;68
16-1-19 下午10:18;RIGHT_CLICK_BLOCK;SunBird;DIM:0;477;89;687;|;47;8;68
16-1-19 下午10:18;LEFT_CLICK_BLOCK;SunBird;DIM:0;477;88;687;|;47;8;68
16-1-19 下午10:18;RIGHT_CLICK_BLOCK;SunBird;DIM:0;477;89;687;|;47;8;68
16-1-19 下午10:18;LEFT_CLICK_BLOCK;SunBird;DIM:0;477;88;689;|;47;8;68
16-1-19 下午10:18;RIGHT_CLICK_BLOCK;SunBird;DIM:0;477;89;689;|;47;8;68
16-1-19 下午10:18;LEFT_CLICK_BLOCK;SunBird;DIM:0;472;88;682;|;47;8;68
16-1-19 下午10:18;RIGHT_CLICK_BLOCK;SunBird;DIM:0;472;89;682;|;47;8;68
16-1-19 下午10:18;LEFT_CLICK_BLOCK;SunBird;DIM:0;470;88;682;|;47;8;68
16-1-19 下午10:18;RIGHT_CLICK_BLOCK;SunBird;DIM:0;470;89;682;|;47;8;68
16-1-19 下午10:18;LEFT_CLICK_BLOCK;SunBird;DIM:0;470;90;682;|;47;9;68
16-1-19 下午10:18;RIGHT_CLICK_BLOCK;SunBird;DIM:0;470;89;682;|;47;8;68
16-1-19 下午10:18;LEFT_CLICK_BLOCK;SunBird;DIM:0;472;90;682;|;47;9;68
16-1-19 下午10:18;RIGHT_CLICK_BLOCK;SunBird;DIM:0;472;89;682;|;47;8;68
16-1-19 下午10:19;RIGHT_CLICK_BLOCK;SunBird;DIM:0;472;88;694;|;47;8;69
16-1-19 下午10:19;RIGHT_CLICK_BLOCK;SunBird;DIM:0;472;89;693;|;47;8;69
16-1-19 下午10:19;LEFT_CLICK_BLOCK;SunBird;DIM:0;472;89;692;|;47;8;69
16-1-19 下午10:19;LEFT_CLICK_BLOCK;SunBird;DIM:0;466;89;689;|;46;8;68
16-1-19 下午10:19;RIGHT_CLICK_BLOCK;SunBird;DIM:0;465;89;689;|;46;8;68
16-1-19 下午10:19;LEFT_CLICK_BLOCK;SunBird;DIM:0;466;89;687;|;46;8;68
16-1-19 下午10:19;RIGHT_CLICK_BLOCK;SunBird;DIM:0;465;89;687;|;46;8;68
16-1-19 下午10:19;LEFT_CLICK_BLOCK;SunBird;DIM:0;470;89;683;|;47;8;68
16-1-19 下午10:19;RIGHT_CLICK_BLOCK;SunBird;DIM:0;470;89;682;|;47;8;68
16-1-19 下午10:19;LEFT_CLICK_BLOCK;SunBird;DIM:0;472;89;683;|;47;8;68
16-1-19 下午10:19;RIGHT_CLICK_BLOCK;SunBird;DIM:0;472;89;682;|;47;8;68
16-1-19 下午10:19;LEFT_CLICK_BLOCK;SunBird;DIM:0;476;89;687;|;47;8;68
16-1-19 下午10:19;RIGHT_CLICK_BLOCK;SunBird;DIM:0;477;89;687;|;47;8;68
16-1-19 下午10:19;LEFT_CLICK_BLOCK;SunBird;DIM:0;476;89;689;|;47;8;68
16-1-19 下午10:19;RIGHT_CLICK_BLOCK;SunBird;DIM:0;477;89;689;|;47;8;68
16-1-19 下午10:19;LEFT_CLICK_BLOCK;SunBird;DIM:0;472;89;693;|;47;8;69
16-1-19 下午10:19;RIGHT_CLICK_BLOCK;SunBird;DIM:0;472;89;694;|;47;8;69
16-1-19 下午10:19;LEFT_CLICK_BLOCK;SunBird;DIM:0;470;89;693;|;47;8;69
16-1-19 下午10:19;RIGHT_CLICK_BLOCK;SunBird;DIM:0;470;89;694;|;47;8;69
16-1-19 下午10:19;LEFT_CLICK_BLOCK;SunBird;DIM:0;465;90;687;|;46;9;68
16-1-19 下午10:19;RIGHT_CLICK_BLOCK;SunBird;DIM:0;465;89;687;|;46;8;68
16-1-19 下午10:19;LEFT_CLICK_BLOCK;SunBird;DIM:0;465;88;687;|;46;8;68
16-1-19 下午10:19;RIGHT_CLICK_BLOCK;SunBird;DIM:0;465;89;687;|;46;8;68
16-1-19 下午10:21;LEFT_CLICK_BLOCK;SunBird;DIM:0;475;89;691;|;47;8;69
16-1-19 下午10:21;RIGHT_CLICK_BLOCK;SunBird;DIM:0;476;89;691;|;47;8;69
16-1-19 下午10:21;LEFT_CLICK_BLOCK;SunBird;DIM:0;474;89;692;|;47;8;69
16-1-19 下午10:21;RIGHT_CLICK_BLOCK;SunBird;DIM:0;474;89;693;|;47;8;69
16-1-19 下午10:21;LEFT_CLICK_BLOCK;SunBird;DIM:0;475;89;693;|;47;8;69
16-1-19 下午10:21;RIGHT_CLICK_BLOCK;SunBird;DIM:0;474;89;693;|;47;8;69
16-1-19 下午10:21;LEFT_CLICK_BLOCK;SunBird;DIM:0;476;89;692;|;47;8;69
16-1-19 下午10:21;RIGHT_CLICK_BLOCK;SunBird;DIM:0;476;89;691;|;47;8;69
16-1-19 下午10:21;LEFT_CLICK_BLOCK;SunBird;DIM:0;476;89;684;|;47;8;68
16-1-19 下午10:21;RIGHT_CLICK_BLOCK;SunBird;DIM:0;475;89;684;|;47;8;68
16-1-19 下午10:21;LEFT_CLICK_BLOCK;SunBird;DIM:0;475;89;683;|;47;8;68
16-1-19 下午10:21;RIGHT_CLICK_BLOCK;SunBird;DIM:0;475;89;684;|;47;8;68
16-1-19 下午10:21;LEFT_CLICK_BLOCK;SunBird;DIM:0;474;89;684;|;47;8;68
16-1-19 下午10:21;RIGHT_CLICK_BLOCK;SunBird;DIM:0;474;89;683;|;47;8;68
16-1-19 下午10:21;LEFT_CLICK_BLOCK;SunBird;DIM:0;475;89;685;|;47;8;68
16-1-19 下午10:21;RIGHT_CLICK_BLOCK;SunBird;DIM:0;476;89;685;|;47;8;68
16-1-19 下午10:22;LEFT_CLICK_BLOCK;SunBird;DIM:0;467;89;691;|;46;8;69
16-1-19 下午10:22;RIGHT_CLICK_BLOCK;SunBird;DIM:0;466;89;691;|;46;8;69
16-1-19 下午10:22;LEFT_CLICK_BLOCK;SunBird;DIM:0;468;89;692;|;46;8;69
16-1-19 下午10:22;RIGHT_CLICK_BLOCK;SunBird;DIM:0;468;89;693;|;46;8;69
16-1-19 下午10:22;LEFT_CLICK_BLOCK;SunBird;DIM:0;467;89;693;|;46;8;69
16-1-19 下午10:22;RIGHT_CLICK_BLOCK;SunBird;DIM:0;468;89;693;|;46;8;69
16-1-19 下午10:22;LEFT_CLICK_BLOCK;SunBird;DIM:0;466;89;692;|;46;8;69
16-1-19 下午10:22;RIGHT_CLICK_BLOCK;SunBird;DIM:0;466;89;691;|;46;8;69
16-1-19 下午10:22;LEFT_CLICK_BLOCK;SunBird;DIM:0;467;89;683;|;46;8;68
16-1-19 下午10:22;RIGHT_CLICK_BLOCK;SunBird;DIM:0;468;89;683;|;46;8;68
16-1-19 下午10:22;LEFT_CLICK_BLOCK;SunBird;DIM:0;466;89;684;|;46;8;68
16-1-19 下午10:22;RIGHT_CLICK_BLOCK;SunBird;DIM:0;466;89;685;|;46;8;68
16-1-19 下午10:22;LEFT_CLICK_BLOCK;SunBird;DIM:0;467;89;685;|;46;8;68
16-1-19 下午10:22;RIGHT_CLICK_BLOCK;SunBird;DIM:0;466;89;685;|;46;8;68
16-1-19 下午10:22;RIGHT_CLICK_BLOCK;SunBird;DIM:0;468;89;684;|;46;8;68
16-1-19 下午10:22;LEFT_CLICK_BLOCK;SunBird;DIM:0;468;89;685;|;46;8;68
16-1-19 下午10:22;LEFT_CLICK_BLOCK;SunBird;DIM:0;468;89;684;|;46;8;68
16-1-19 下午10:22;RIGHT_CLICK_BLOCK;SunBird;DIM:0;468;89;683;|;46;8;68
16-1-19 下午10:22;LEFT_CLICK_BLOCK;SunBird;DIM:0;476;89;684;|;47;8;68
16-1-19 下午10:22;RIGHT_CLICK_BLOCK;SunBird;DIM:0;476;89;685;|;47;8;68
16-1-19 下午10:22;LEFT_CLICK_BLOCK;SunBird;DIM:0;475;89;683;|;47;8;68
16-1-19 下午10:22;RIGHT_CLICK_BLOCK;SunBird;DIM:0;474;89;683;|;47;8;68
16-1-19 下午10:22;RIGHT_CLICK_BLOCK;SunBird;DIM:0;471;89;693;|;47;8;69
16-1-19 下午10:26;RIGHT_CLICK_BLOCK;SunBird;DIM:0;471;89;693;|;47;8;69
16-1-19 下午10:27;RIGHT_CLICK_BLOCK;SunBird;DIM:0;471;89;693;|;47;8;69
16-1-19 下午10:28;RIGHT_CLICK_BLOCK;SunBird;DIM:0;471;89;693;|;47;8;69
16-1-19 下午10:29;RIGHT_CLICK_BLOCK;SunBird;DIM:0;471;89;693;|;47;8;69
16-1-19 下午10:29;LEFT_CLICK_BLOCK;SunBird;DIM:0;472;89;693;|;47;8;69
16-1-19 下午10:29;RIGHT_CLICK_BLOCK;SunBird;DIM:0;472;89;694;|;47;8;69
16-1-19 下午10:29;LEFT_CLICK_BLOCK;SunBird;DIM:0;470;89;693;|;47;8;69
16-1-19 下午10:29;RIGHT_CLICK_BLOCK;SunBird;DIM:0;470;89;694;|;47;8;69
16-1-19 下午10:29;LEFT_CLICK_BLOCK;SunBird;DIM:0;466;89;689;|;46;8;68
16-1-19 下午10:29;RIGHT_CLICK_BLOCK;SunBird;DIM:0;465;89;689;|;46;8;68
16-1-19 下午10:29;LEFT_CLICK_BLOCK;SunBird;DIM:0;466;89;687;|;46;8;68
16-1-19 下午10:29;RIGHT_CLICK_BLOCK;SunBird;DIM:0;465;89;687;|;46;8;68
16-1-19 下午10:29;LEFT_CLICK_BLOCK;SunBird;DIM:0;470;89;683;|;47;8;68
16-1-19 下午10:29;RIGHT_CLICK_BLOCK;SunBird;DIM:0;470;89;682;|;47;8;68
16-1-19 下午10:29;LEFT_CLICK_BLOCK;SunBird;DIM:0;472;89;683;|;47;8;68
16-1-19 下午10:29;RIGHT_CLICK_BLOCK;SunBird;DIM:0;472;89;682;|;47;8;68
16-1-19 下午10:29;LEFT_CLICK_BLOCK;SunBird;DIM:0;476;89;687;|;47;8;68
16-1-19 下午10:29;RIGHT_CLICK_BLOCK;SunBird;DIM:0;477;89;687;|;47;8;68
16-1-19 下午10:29;LEFT_CLICK_BLOCK;SunBird;DIM:0;476;89;689;|;47;8;68
16-1-19 下午10:29;RIGHT_CLICK_BLOCK;SunBird;DIM:0;477;89;689;|;47;8;68
16-1-19 下午10:29;RIGHT_CLICK_BLOCK;SunBird;DIM:0;476;89;688;|;47;8;68
16-1-19 下午10:29;LEFT_CLICK_BLOCK;SunBird;DIM:0;478;89;689;|;47;8;68
16-1-19 下午10:29;RIGHT_CLICK_BLOCK;SunBird;DIM:0;477;89;689;|;47;8;68
16-1-19 下午10:29;LEFT_CLICK_BLOCK;SunBird;DIM:0;478;89;687;|;47;8;68
16-1-19 下午10:29;RIGHT_CLICK_BLOCK;SunBird;DIM:0;477;89;687;|;47;8;68
16-1-19 下午10:29;LEFT_CLICK_BLOCK;SunBird;DIM:0;472;89;681;|;47;8;68
16-1-19 下午10:29;RIGHT_CLICK_BLOCK;SunBird;DIM:0;472;89;682;|;47;8;68
16-1-19 下午10:29;LEFT_CLICK_BLOCK;SunBird;DIM:0;470;89;681;|;47;8;68
16-1-19 下午10:29;RIGHT_CLICK_BLOCK;SunBird;DIM:0;470;89;682;|;47;8;68
16-1-19 下午10:29;LEFT_CLICK_BLOCK;SunBird;DIM:0;464;89;687;|;46;8;68
16-1-19 下午10:29;RIGHT_CLICK_BLOCK;SunBird;DIM:0;465;89;687;|;46;8;68
16-1-19 下午10:29;LEFT_CLICK_BLOCK;SunBird;DIM:0;464;89;689;|;46;8;68
16-1-19 下午10:29;RIGHT_CLICK_BLOCK;SunBird;DIM:0;465;89;689;|;46;8;68
16-1-19 下午10:29;LEFT_CLICK_BLOCK;SunBird;DIM:0;470;89;695;|;47;8;69
16-1-19 下午10:29;RIGHT_CLICK_BLOCK;SunBird;DIM:0;470;89;694;|;47;8;69
16-1-19 下午10:29;LEFT_CLICK_BLOCK;SunBird;DIM:0;471;89;695;|;47;8;69
16-1-19 下午10:29;LEFT_CLICK_BLOCK;SunBird;DIM:0;472;89;695;|;47;8;69
16-1-19 下午10:29;RIGHT_CLICK_BLOCK;SunBird;DIM:0;472;89;694;|;47;8;69
16-1-19 下午10:29;RIGHT_CLICK_BLOCK;SunBird;DIM:0;471;89;694;|;47;8;69
16-1-19 下午10:29;RIGHT_CLICK_BLOCK;SunBird;DIM:0;471;89;693;|;47;8;69
16-1-19 下午10:30;RIGHT_CLICK_BLOCK;SunBird;DIM:0;471;89;693;|;47;8;69
16-1-19 下午10:30;RIGHT_CLICK_BLOCK;SunBird;DIM:0;471;89;693;|;47;8;69
16-1-19 下午10:31;RIGHT_CLICK_BLOCK;SunBird;DIM:0;471;89;693;|;47;8;69
16-1-19 下午10:32;RIGHT_CLICK_BLOCK;SunBird;DIM:0;471;89;683;|;47;8;68
16-1-19 下午10:33;RIGHT_CLICK_BLOCK;SunBird;DIM:0;470;89;683;|;47;8;68
16-1-19 下午10:34;LEFT_CLICK_BLOCK;SunBird;DIM:0;470;89;683;|;47;8;68
16-1-19 下午10:34;RIGHT_CLICK_BLOCK;SunBird;DIM:0;470;89;682;|;47;8;68
16-1-19 下午10:34;LEFT_CLICK_BLOCK;SunBird;DIM:0;472;89;683;|;47;8;68
16-1-19 下午10:34;RIGHT_CLICK_BLOCK;SunBird;DIM:0;473;89;683;|;47;8;68
16-1-19 下午10:34;RIGHT_CLICK_BLOCK;SunBird;DIM:0;472;89;683;|;47;8;68
16-1-19 下午10:34;LEFT_CLICK_BLOCK;SunBird;DIM:0;472;89;684;|;47;8;68
16-1-19 下午10:34;LEFT_CLICK_BLOCK;SunBird;DIM:0;476;89;687;|;47;8;68
16-1-19 下午10:34;RIGHT_CLICK_BLOCK;SunBird;DIM:0;477;89;687;|;47;8;68
16-1-19 下午10:34;LEFT_CLICK_BLOCK;SunBird;DIM:0;476;89;689;|;47;8;68
16-1-19 下午10:34;RIGHT_CLICK_BLOCK;SunBird;DIM:0;477;89;689;|;47;8;68
16-1-19 下午10:34;LEFT_CLICK_BLOCK;SunBird;DIM:0;472;89;693;|;47;8;69
16-1-19 下午10:34;RIGHT_CLICK_BLOCK;SunBird;DIM:0;472;89;694;|;47;8;69
16-1-19 下午10:34;LEFT_CLICK_BLOCK;SunBird;DIM:0;470;89;693;|;47;8;69
16-1-19 下午10:34;RIGHT_CLICK_BLOCK;SunBird;DIM:0;470;89;694;|;47;8;69
16-1-19 下午10:34;LEFT_CLICK_BLOCK;SunBird;DIM:0;466;89;689;|;46;8;68
16-1-19 下午10:34;RIGHT_CLICK_BLOCK;SunBird;DIM:0;465;89;689;|;46;8;68
16-1-19 下午10:34;LEFT_CLICK_BLOCK;SunBird;DIM:0;466;89;687;|;46;8;68
16-1-19 下午10:34;RIGHT_CLICK_BLOCK;SunBird;DIM:0;465;89;687;|;46;8;68
16-1-19 下午10:35;LEFT_CLICK_BLOCK;SunBird;DIM:0;478;89;687;|;47;8;68
16-1-19 下午10:35;RIGHT_CLICK_BLOCK;SunBird;DIM:0;477;89;687;|;47;8;68
16-1-19 下午10:35;LEFT_CLICK_BLOCK;SunBird;DIM:0;478;89;689;|;47;8;68
16-1-19 下午10:35;RIGHT_CLICK_BLOCK;SunBird;DIM:0;477;89;689;|;47;8;68
16-1-19 下午10:35;LEFT_CLICK_BLOCK;SunBird;DIM:0;472;89;695;|;47;8;69
16-1-19 下午10:35;RIGHT_CLICK_BLOCK;SunBird;DIM:0;472;89;694;|;47;8;69
16-1-19 下午10:35;LEFT_CLICK_BLOCK;SunBird;DIM:0;470;89;695;|;47;8;69
16-1-19 下午10:35;RIGHT_CLICK_BLOCK;SunBird;DIM:0;470;89;694;|;47;8;69
16-1-19 下午10:35;LEFT_CLICK_BLOCK;SunBird;DIM:0;464;89;689;|;46;8;68
16-1-19 下午10:35;RIGHT_CLICK_BLOCK;SunBird;DIM:0;465;89;689;|;46;8;68
16-1-19 下午10:35;LEFT_CLICK_BLOCK;SunBird;DIM:0;464;89;687;|;46;8;68
16-1-19 下午10:35;RIGHT_CLICK_BLOCK;SunBird;DIM:0;465;89;687;|;46;8;68
16-1-19 下午10:35;LEFT_CLICK_BLOCK;SunBird;DIM:0;470;89;681;|;47;8;68
16-1-19 下午10:35;RIGHT_CLICK_BLOCK;SunBird;DIM:0;470;89;682;|;47;8;68
16-1-19 下午10:35;LEFT_CLICK_BLOCK;SunBird;DIM:0;472;89;681;|;47;8;68
16-1-19 下午10:35;RIGHT_CLICK_BLOCK;SunBird;DIM:0;472;89;682;|;47;8;68
16-1-19 下午10:35;RIGHT_CLICK_BLOCK;SunBird;DIM:0;471;89;683;|;47;8;68
16-1-19 下午10:36;RIGHT_CLICK_BLOCK;SunBird;DIM:0;471;89;683;|;47;8;68
16-1-19 下午10:36;LEFT_CLICK_BLOCK;SunBird;DIM:0;467;89;685;|;46;8;68
16-1-19 下午10:36;RIGHT_CLICK_BLOCK;SunBird;DIM:0;466;89;685;|;46;8;68
16-1-19 下午10:36;RIGHT_CLICK_BLOCK;SunBird;DIM:0;466;89;688;|;46;8;68
16-1-19 下午10:37;LEFT_CLICK_BLOCK;SunBird;DIM:0;472;89;681;|;47;8;68
16-1-19 下午10:37;RIGHT_CLICK_BLOCK;SunBird;DIM:0;472;89;682;|;47;8;68
16-1-19 下午10:37;LEFT_CLICK_BLOCK;SunBird;DIM:0;470;89;681;|;47;8;68
16-1-19 下午10:37;RIGHT_CLICK_BLOCK;SunBird;DIM:0;470;89;682;|;47;8;68
16-1-19 下午10:37;LEFT_CLICK_BLOCK;SunBird;DIM:0;464;89;687;|;46;8;68
16-1-19 下午10:37;RIGHT_CLICK_BLOCK;SunBird;DIM:0;465;89;687;|;46;8;68
16-1-19 下午10:37;LEFT_CLICK_BLOCK;SunBird;DIM:0;464;89;689;|;46;8;68
16-1-19 下午10:37;RIGHT_CLICK_BLOCK;SunBird;DIM:0;465;89;689;|;46;8;68
16-1-19 下午10:37;RIGHT_CLICK_BLOCK;SunBird;DIM:0;464;89;689;|;46;8;68
16-1-19 下午10:37;RIGHT_CLICK_BLOCK;SunBird;DIM:0;463;89;689;|;46;8;68
16-1-19 下午10:37;LEFT_CLICK_BLOCK;SunBird;DIM:0;464;89;690;|;46;8;69
16-1-19 下午10:37;LEFT_CLICK_BLOCK;SunBird;DIM:0;463;89;690;|;46;8;69
16-1-19 下午10:37;LEFT_CLICK_BLOCK;SunBird;DIM:0;463;89;689;|;46;8;68
16-1-19 下午10:38;RIGHT_CLICK_BLOCK;SunBird;DIM:0;476;89;688;|;47;8;68
16-1-19 下午10:38;LEFT_CLICK_BLOCK;SunBird;DIM:0;474;89;684;|;47;8;68
16-1-19 下午10:38;RIGHT_CLICK_BLOCK;SunBird;DIM:0;475;89;684;|;47;8;68
16-1-19 下午10:38;LEFT_CLICK_BLOCK;SunBird;DIM:0;475;89;685;|;47;8;68
16-1-19 下午10:38;RIGHT_CLICK_BLOCK;SunBird;DIM:0;476;89;685;|;47;8;68
16-1-19 下午10:38;LEFT_CLICK_BLOCK;SunBird;DIM:0;474;89;692;|;47;8;69
16-1-19 下午10:38;RIGHT_CLICK_BLOCK;SunBird;DIM:0;474;89;693;|;47;8;69
16-1-19 下午10:38;LEFT_CLICK_BLOCK;SunBird;DIM:0;475;89;691;|;47;8;69
16-1-19 下午10:38;RIGHT_CLICK_BLOCK;SunBird;DIM:0;476;89;691;|;47;8;69
16-1-19 下午10:38;LEFT_CLICK_BLOCK;SunBird;DIM:0;467;89;691;|;46;8;69
16-1-19 下午10:38;RIGHT_CLICK_BLOCK;SunBird;DIM:0;466;89;691;|;46;8;69
16-1-19 下午10:38;LEFT_CLICK_BLOCK;SunBird;DIM:0;468;89;692;|;46;8;69
16-1-19 下午10:38;RIGHT_CLICK_BLOCK;SunBird;DIM:0;468;89;693;|;46;8;69
16-1-19 下午10:38;LEFT_CLICK_BLOCK;SunBird;DIM:0;468;89;684;|;46;8;68
16-1-19 下午10:38;RIGHT_CLICK_BLOCK;SunBird;DIM:0;468;89;683;|;46;8;68
16-1-19 下午10:38;LEFT_CLICK_BLOCK;SunBird;DIM:0;467;89;685;|;46;8;68
16-1-19 下午10:38;RIGHT_CLICK_BLOCK;SunBird;DIM:0;466;89;685;|;46;8;68
16-1-19 下午10:38;LEFT_CLICK_BLOCK;SunBird;DIM:0;476;89;684;|;47;8;68
16-1-19 下午10:38;RIGHT_CLICK_BLOCK;SunBird;DIM:0;476;89;685;|;47;8;68
16-1-19 下午10:38;LEFT_CLICK_BLOCK;SunBird;DIM:0;475;89;683;|;47;8;68
16-1-19 下午10:38;RIGHT_CLICK_BLOCK;SunBird;DIM:0;474;89;683;|;47;8;68
16-1-19 下午10:38;LEFT_CLICK_BLOCK;SunBird;DIM:0;467;89;683;|;46;8;68
16-1-19 下午10:38;RIGHT_CLICK_BLOCK;SunBird;DIM:0;468;89;683;|;46;8;68
16-1-19 下午10:38;LEFT_CLICK_BLOCK;SunBird;DIM:0;466;89;684;|;46;8;68
16-1-19 下午10:38;RIGHT_CLICK_BLOCK;SunBird;DIM:0;466;89;685;|;46;8;68
16-1-19 下午10:38;LEFT_CLICK_BLOCK;SunBird;DIM:0;466;89;692;|;46;8;69
16-1-19 下午10:39;RIGHT_CLICK_BLOCK;SunBird;DIM:0;466;89;691;|;46;8;69
16-1-19 下午10:39;LEFT_CLICK_BLOCK;SunBird;DIM:0;467;89;693;|;46;8;69
16-1-19 下午10:39;RIGHT_CLICK_BLOCK;SunBird;DIM:0;468;89;693;|;46;8;69
16-1-19 下午10:39;LEFT_CLICK_BLOCK;SunBird;DIM:0;476;89;692;|;47;8;69
16-1-19 下午10:39;RIGHT_CLICK_BLOCK;SunBird;DIM:0;475;89;692;|;47;8;69
16-1-19 下午10:39;LEFT_CLICK_BLOCK;SunBird;DIM:0;477;89;691;|;47;8;69
16-1-19 下午10:39;RIGHT_CLICK_BLOCK;SunBird;DIM:0;477;89;690;|;47;8;69
16-1-19 下午10:39;LEFT_CLICK_BLOCK;SunBird;DIM:0;475;89;693;|;47;8;69
16-1-19 下午10:39;RIGHT_CLICK_BLOCK;SunBird;DIM:0;474;89;693;|;47;8;69
16-1-19 下午10:39;LEFT_CLICK_BLOCK;SunBird;DIM:0;476;89;692;|;47;8;69
16-1-19 下午10:39;RIGHT_CLICK_BLOCK;SunBird;DIM:0;476;89;691;|;47;8;69
16-1-19 下午10:39;RIGHT_CLICK_BLOCK;SunBird;DIM:0;471;89;693;|;47;8;69
16-1-19 下午10:39;RIGHT_CLICK_BLOCK;SunBird;DIM:0;471;89;693;|;47;8;69
16-1-19 下午10:40;RIGHT_CLICK_BLOCK;SunBird;DIM:0;471;89;693;|;47;8;69
16-1-19 下午10:40;RIGHT_CLICK_BLOCK;SunBird;DIM:0;472;89;693;|;47;8;69
16-1-19 下午10:40;RIGHT_CLICK_BLOCK;SunBird;DIM:0;473;89;692;|;47;8;69
16-1-19 下午10:40;LEFT_CLICK_BLOCK;SunBird;DIM:0;472;89;692;|;47;8;69
16-1-19 下午10:40;RIGHT_CLICK_BLOCK;SunBird;DIM:0;472;90;694;|;47;9;69
16-1-19 下午10:40;RIGHT_CLICK_BLOCK;SunBird;DIM:0;475;89;691;|;47;8;69
16-1-19 下午10:41;LEFT_CLICK_BLOCK;SunBird;DIM:0;474;89;691;|;47;8;69
16-1-19 下午10:41;RIGHT_CLICK_BLOCK;SunBird;DIM:0;475;89;691;|;47;8;69
16-1-19 下午10:41;LEFT_CLICK_BLOCK;SunBird;DIM:0;474;89;691;|;47;8;69
16-1-19 下午10:41;RIGHT_CLICK_BLOCK;SunBird;DIM:0;474;89;692;|;47;8;69
16-1-19 下午10:41;LEFT_CLICK_BLOCK;SunBird;DIM:0;474;89;691;|;47;8;69
16-1-19 下午10:41;RIGHT_CLICK_BLOCK;SunBird;DIM:0;471;89;693;|;47;8;69
16-1-19 下午10:41;RIGHT_CLICK_BLOCK;SunBird;DIM:0;471;89;693;|;47;8;69
